UnityProjects/ARFnd/Temp/gradleOut/launcher/build/intermediates/manifest_merge_blame_file/release/manifest-merger-blame-release-report.txt
1<?xml version="1.0" encoding="utf-8"?>
2<!-- GENERATED BY UNITY. REMOVE THIS COMMENT TO PREVENT OVERWRITING WHEN EXPORTING AGAIN -->
3<manifest xmlns:android="http://schemas.android.com/apk/res/android"
4    package="com.DefaultCompany.ARFnd"
5    android:installLocation="preferExternal"
6    android:versionCode="1"
7    android:versionName="1.0" >
8
9    <uses-sdk
10        android:minSdkVersion="24"
10-->src\main\AndroidManifest.xml
11        android:targetSdkVersion="30" />
11-->src\main\AndroidManifest.xml
12
13    <supports-screens
13-->src\main\AndroidManifest.xml:4:3-163
14        android:anyDensity="true"
14-->src\main\AndroidManifest.xml:4:135-160
15        android:largeScreens="true"
15-->src\main\AndroidManifest.xml:4:78-105
16        android:normalScreens="true"
16-->src\main\AndroidManifest.xml:4:49-77
17        android:smallScreens="true"
17-->src\main\AndroidManifest.xml:4:21-48
18        android:xlargeScreens="true" />
18-->src\main\AndroidManifest.xml:4:106-134
19
20    <uses-feature android:glEsVersion="0x00020000" />
20-->[:unityLibrary] AndroidManifest.xml:13:5-54
20-->[:unityLibrary] AndroidManifest.xml:13:19-51
21
22    <uses-permission android:name="android.permission.INTERNET" />
22-->[:unityLibrary] AndroidManifest.xml:15:5-67
22-->[:unityLibrary] AndroidManifest.xml:15:22-64
23
24    <uses-feature
24-->[:unityLibrary] AndroidManifest.xml:17:5-19:36
25        android:name="android.hardware.touchscreen"
25-->[:unityLibrary] AndroidManifest.xml:18:9-52
26        android:required="false" />
26-->[:unityLibrary] AndroidManifest.xml:19:9-33
27    <uses-feature
27-->[:unityLibrary] AndroidManifest.xml:20:5-22:36
28        android:name="android.hardware.touchscreen.multitouch"
28-->[:unityLibrary] AndroidManifest.xml:21:9-63
29        android:required="false" />
29-->[:unityLibrary] AndroidManifest.xml:22:9-33
30    <uses-feature
30-->[:unityLibrary] AndroidManifest.xml:23:5-25:36
31        android:name="android.hardware.touchscreen.multitouch.distinct"
31-->[:unityLibrary] AndroidManifest.xml:24:9-72
32        android:required="false" />
32-->[:unityLibrary] AndroidManifest.xml:25:9-33
33
34    <uses-permission android:name="android.permission.CAMERA" />
34-->[:unityLibrary] AndroidManifest.xml:27:5-65
34-->[:unityLibrary] AndroidManifest.xml:27:22-62
35
36    <uses-feature
36-->[:unityLibrary] AndroidManifest.xml:29:5-31:35
37        android:name="android.hardware.camera.ar"
37-->[:unityLibrary] AndroidManifest.xml:30:9-50
38        android:required="true" />
38-->[:unityLibrary] AndroidManifest.xml:31:9-32
39    <uses-feature
39-->[:unityLibrary] AndroidManifest.xml:32:5-34:35
40        android:name="com.google.ar.core.depth"
40-->[:unityLibrary] AndroidManifest.xml:33:9-48
41        android:required="true" />
41-->[:unityLibrary] AndroidManifest.xml:34:9-32
42
43    <queries>
43-->[:arcore_client:] AndroidManifest.xml:29:5-31:15
44        <package android:name="com.google.ar.core" />
44-->[:arcore_client:] AndroidManifest.xml:30:9-54
44-->[:arcore_client:] AndroidManifest.xml:30:18-51
45    </queries>
46
47    <application
47-->src\main\AndroidManifest.xml:5:3-116
48        android:extractNativeLibs="true"
48-->src\main\AndroidManifest.xml:5:16-48
49        android:icon="@mipmap/app_icon"
49-->src\main\AndroidManifest.xml:5:82-113
50        android:label="@string/app_name" >
50-->src\main\AndroidManifest.xml:5:49-81
51        <activity
51-->[:unityLibrary] AndroidManifest.xml:37:9-57:20
52            android:name="com.unity3d.player.UnityPlayerActivity"
52-->[:unityLibrary] AndroidManifest.xml:38:13-66
53            android:configChanges="mcc|mnc|locale|touchscreen|keyboard|keyboardHidden|navigation|orientation|screenLayout|uiMode|screenSize|smallestScreenSize|fontScale|layoutDirection|density"
53-->[:unityLibrary] AndroidManifest.xml:39:13-194
54            android:hardwareAccelerated="false"
54-->[:unityLibrary] AndroidManifest.xml:40:13-48
55            android:launchMode="singleTask"
55-->[:unityLibrary] AndroidManifest.xml:41:13-44
56            android:resizeableActivity="false"
56-->[:unityLibrary] AndroidManifest.xml:42:13-47
57            android:screenOrientation="fullSensor"
57-->[:unityLibrary] AndroidManifest.xml:43:13-51
58            android:theme="@style/UnityThemeSelector" >
58-->[:unityLibrary] AndroidManifest.xml:44:13-54
59            <intent-filter>
59-->[:unityLibrary] AndroidManifest.xml:45:13-49:29
60                <action android:name="android.intent.action.MAIN" />
60-->[:unityLibrary] AndroidManifest.xml:46:17-69
60-->[:unityLibrary] AndroidManifest.xml:46:25-66
61
62                <category android:name="android.intent.category.LAUNCHER" />
62-->[:unityLibrary] AndroidManifest.xml:48:17-77
62-->[:unityLibrary] AndroidManifest.xml:48:27-74
63            </intent-filter>
64
65            <meta-data
65-->[:unityLibrary] AndroidManifest.xml:51:13-53:40
66                android:name="unityplayer.UnityActivity"
66-->[:unityLibrary] AndroidManifest.xml:52:17-57
67                android:value="true" />
67-->[:unityLibrary] AndroidManifest.xml:53:17-37
68            <meta-data
68-->[:unityLibrary] AndroidManifest.xml:54:13-56:40
69                android:name="android.notch_support"
69-->[:unityLibrary] AndroidManifest.xml:55:17-53
70                android:value="true" />
70-->[:unityLibrary] AndroidManifest.xml:56:17-37
71        </activity>
72
73        <meta-data
73-->[:unityLibrary] AndroidManifest.xml:59:9-61:33
74            android:name="unity.splash-mode"
74-->[:unityLibrary] AndroidManifest.xml:60:13-45
75            android:value="0" />
75-->[:unityLibrary] AndroidManifest.xml:61:13-30
76        <meta-data
76-->[:unityLibrary] AndroidManifest.xml:62:9-64:36
77            android:name="unity.splash-enable"
77-->[:unityLibrary] AndroidManifest.xml:63:13-47
78            android:value="True" />
78-->[:unityLibrary] AndroidManifest.xml:64:13-33
79        <meta-data
79-->[:unityLibrary] AndroidManifest.xml:65:9-67:37
80            android:name="unity.allow-resizable-window"
80-->[:unityLibrary] AndroidManifest.xml:66:13-56
81            android:value="False" />
81-->[:unityLibrary] AndroidManifest.xml:67:13-34
82        <meta-data
82-->[:unityLibrary] AndroidManifest.xml:68:9-70:50
83            android:name="notch.config"
83-->[:unityLibrary] AndroidManifest.xml:69:13-40
84            android:value="portrait|landscape" />
84-->[:unityLibrary] AndroidManifest.xml:70:13-47
85        <meta-data
85-->[:unityLibrary] AndroidManifest.xml:71:9-73:68
86            android:name="unity.build-id"
86-->[:unityLibrary] AndroidManifest.xml:72:13-42
87            android:value="7bffbd46-3b19-4b5b-8d00-5f309ce655c1" />
87-->[:unityLibrary] AndroidManifest.xml:73:13-65
88        <meta-data
88-->[:unityLibrary] AndroidManifest.xml:74:9-76:36
89            android:name="unityplayer.SkipPermissionsDialog"
89-->[:unityLibrary] AndroidManifest.xml:75:13-61
90            android:value="true" />
90-->[:unityLibrary] AndroidManifest.xml:76:13-33
91        <meta-data
91-->[:unityLibrary] AndroidManifest.xml:77:9-79:40
92            android:name="com.google.ar.core"
92-->[:unityLibrary] AndroidManifest.xml:78:13-46
93            android:value="required" /> <!-- The minimal version code of ARCore APK required for an app using this SDK. -->
93-->[:unityLibrary] AndroidManifest.xml:79:13-37
94        <meta-data
94-->[:arcore_client:] AndroidManifest.xml:36:9-38:41
95            android:name="com.google.ar.core.min_apk_version"
95-->[:arcore_client:] AndroidManifest.xml:37:13-62
96            android:value="202940000" /> <!-- This activity is critical for installing ARCore when it is not already present. -->
96-->[:arcore_client:] AndroidManifest.xml:38:13-38
97        <activity
97-->[:arcore_client:] AndroidManifest.xml:40:9-46:80
98            android:name="com.google.ar.core.InstallActivity"
98-->[:arcore_client:] AndroidManifest.xml:41:13-62
99            android:configChanges="keyboardHidden|orientation|screenSize"
99-->[:arcore_client:] AndroidManifest.xml:42:13-74
100            android:excludeFromRecents="true"
100-->[:arcore_client:] AndroidManifest.xml:43:13-46
101            android:exported="false"
101-->[:arcore_client:] AndroidManifest.xml:44:13-37
102            android:launchMode="singleTop"
102-->[:arcore_client:] AndroidManifest.xml:45:13-43
103            android:theme="@android:style/Theme.Material.Light.Dialog.Alert" />
103-->[:arcore_client:] AndroidManifest.xml:46:13-77
104    </application>
105
106</manifest>